ERROR:root:An error occurred: division by zero
Traceback (most recent call last):
  File "c:\Users\tiwar\Downloads\new pw premium javascript\Best_practce_for_exception_handling.py", line 18, in <module>
    20/0
    ~~^~
ZeroDivisionError: division by zero
ERROR:root:An error occurred: division by zero
Traceback (most recent call last):
  File "c:\Users\tiwar\Downloads\new pw premium javascript\Best_practce_for_exception_handling.py", line 18, in <module>
    20/0
    ~~^~
ZeroDivisionError: division by zero
ERROR:root:An error occurred: division by zero
Traceback (most recent call last):
  File "c:\Users\tiwar\Downloads\new pw premium javascript\Best_practce_for_exception_handling.py", line 18, in <module>
    20/0
    ~~^~
ZeroDivisionError: division by zero
ERROR:root:An error occurred: division by zero
ERROR:root:An error occurred: division by zero
ERROR:root:i am handling zeroDivisionError division by zero
ERROR:root:An error occurred: division by zero
ERROR:root:i am handling zeroDivisionError division by zero
